[    8416ms] [INFO] %cDownload the React DevTools for a better development experience: https://react.dev/link/react-devtools font-weight:bold @ http://localhost:3000/_next/static/chunks/node_modules_next_dist_f3530cac._.js:2297
[    8714ms] [LOG] [HMR] connected @ http://localhost:3000/_next/static/chunks/node_modules_next_dist_f3530cac._.js:2297
[    9210ms] [LOG] [Fast Refresh] rebuilding @ http://localhost:3000/_next/static/chunks/node_modules_next_dist_f3530cac._.js:2297
[    9338ms] [LOG] [Fast Refresh] done in 228ms @ http://localhost:3000/_next/static/chunks/node_modules_next_dist_f3530cac._.js:2297
[   70467ms] [LOG] [Fast Refresh] rebuilding @ http://localhost:3000/_next/static/chunks/node_modules_next_dist_f3530cac._.js:2297
[   70590ms] [LOG] [Fast Refresh] done in 224ms @ http://localhost:3000/_next/static/chunks/node_modules_next_dist_f3530cac._.js:2297
[   76952ms] [LOG] [Fast Refresh] rebuilding @ http://localhost:3000/_next/static/chunks/node_modules_next_dist_f3530cac._.js:2297
[   77032ms] [LOG] [Fast Refresh] done in 182ms @ http://localhost:3000/_next/static/chunks/node_modules_next_dist_f3530cac._.js:2297
[  101558ms] [ERROR] Failed to load resource: the server responded with a status of 400 () @ https://aypskvmtqxfsmrdpxjcu.supabase.co/auth/v1/token?grant_type=password:0
[  133965ms] [LOG] [Fast Refresh] rebuilding @ http://localhost:3000/_next/static/chunks/node_modules_next_dist_f3530cac._.js:2297
[  140490ms] [LOG] [Fast Refresh] done in 6625ms @ http://localhost:3000/_next/static/chunks/node_modules_next_dist_f3530cac._.js:2297
[  140709ms] [LOG] %c%s%c prisma:error background: #e6e6e6;background: light-dark(rgba(0,0,0,0.1), rgba(255,255,255,0.25));color: #000000;color: light-dark(#000000, #ffffff);border-radius: 2px  Server   
Invalid `prisma.company.findMany()` invocation:


Can't reach database server at db.aypskvmtqxfsmrdpxjcu.supabase.co @ http://localhost:3000/_next/static/chunks/node_modules_next_dist_f3530cac._.js:2297
[  140709ms] [LOG] %c%s%c prisma:error background: #e6e6e6;background: light-dark(rgba(0,0,0,0.1), rgba(255,255,255,0.25));color: #000000;color: light-dark(#000000, #ffffff);border-radius: 2px  Server   
Invalid `prisma.employee.count()` invocation:


Can't reach database server at db.aypskvmtqxfsmrdpxjcu.supabase.co @ http://localhost:3000/_next/static/chunks/node_modules_next_dist_f3530cac._.js:2297
[  140767ms] [LOG] %c%s%c prisma:error background: #e6e6e6;background: light-dark(rgba(0,0,0,0.1), rgba(255,255,255,0.25));color: #000000;color: light-dark(#000000, #ffffff);border-radius: 2px  Server   
Invalid `prisma.department.count()` invocation:


Can't reach database server at db.aypskvmtqxfsmrdpxjcu.supabase.co @ http://localhost:3000/_next/static/chunks/node_modules_next_dist_f3530cac._.js:2297
[  140768ms] [LOG] %c%s%c prisma:error background: #e6e6e6;background: light-dark(rgba(0,0,0,0.1), rgba(255,255,255,0.25));color: #000000;color: light-dark(#000000, #ffffff);border-radius: 2px  Server   
Invalid `prisma.position.count()` invocation:


Can't reach database server at db.aypskvmtqxfsmrdpxjcu.supabase.co @ http://localhost:3000/_next/static/chunks/node_modules_next_dist_f3530cac._.js:2297
[  140768ms] [LOG] %c%s%c prisma:error background: #e6e6e6;background: light-dark(rgba(0,0,0,0.1), rgba(255,255,255,0.25));color: #000000;color: light-dark(#000000, #ffffff);border-radius: 2px  Server   
Invalid `prisma.employee.findMany()` invocation:


Can't reach database server at db.aypskvmtqxfsmrdpxjcu.supabase.co @ http://localhost:3000/_next/static/chunks/node_modules_next_dist_f3530cac._.js:2297
[  140880ms] [LOG] %c%s%c prisma:error background: #e6e6e6;background: light-dark(rgba(0,0,0,0.1), rgba(255,255,255,0.25));color: #000000;color: light-dark(#000000, #ffffff);border-radius: 2px  Server   
Invalid `prisma.employee.groupBy()` invocation:


Can't reach database server at db.aypskvmtqxfsmrdpxjcu.supabase.co @ http://localhost:3000/_next/static/chunks/node_modules_next_dist_f3530cac._.js:2297
[  140881ms] [LOG] %c%s%c prisma:error background: #e6e6e6;background: light-dark(rgba(0,0,0,0.1), rgba(255,255,255,0.25));color: #000000;color: light-dark(#000000, #ffffff);border-radius: 2px  Server   
Invalid `prisma.department.findMany()` invocation:


Can't reach database server at db.aypskvmtqxfsmrdpxjcu.supabase.co @ http://localhost:3000/_next/static/chunks/node_modules_next_dist_f3530cac._.js:2297
[  141027ms] [LOG] [Fast Refresh] rebuilding @ http://localhost:3000/_next/static/chunks/node_modules_next_dist_f3530cac._.js:2297
[  141084ms] [LOG] [Fast Refresh] done in 160ms @ http://localhost:3000/_next/static/chunks/node_modules_next_dist_f3530cac._.js:2297
[  141188ms] [LOG] [Fast Refresh] rebuilding @ http://localhost:3000/_next/static/chunks/node_modules_next_dist_f3530cac._.js:2297
[  141318ms] [LOG] %c%s%c prisma:error background: #e6e6e6;background: light-dark(rgba(0,0,0,0.1), rgba(255,255,255,0.25));color: #000000;color: light-dark(#000000, #ffffff);border-radius: 2px  Server   
Invalid `prisma.company.findMany()` invocation:


Can't reach database server at db.aypskvmtqxfsmrdpxjcu.supabase.co @ http://localhost:3000/_next/static/chunks/node_modules_next_dist_f3530cac._.js:2297
[  141319ms] [LOG] %c%s%c prisma:error background: #e6e6e6;background: light-dark(rgba(0,0,0,0.1), rgba(255,255,255,0.25));color: #000000;color: light-dark(#000000, #ffffff);border-radius: 2px  Server   
Invalid `prisma.employee.count()` invocation:


Can't reach database server at db.aypskvmtqxfsmrdpxjcu.supabase.co @ http://localhost:3000/_next/static/chunks/node_modules_next_dist_f3530cac._.js:2297
[  141325ms] [LOG] %c%s%c prisma:error background: #e6e6e6;background: light-dark(rgba(0,0,0,0.1), rgba(255,255,255,0.25));color: #000000;color: light-dark(#000000, #ffffff);border-radius: 2px  Server   
Invalid `prisma.department.count()` invocation:


Can't reach database server at db.aypskvmtqxfsmrdpxjcu.supabase.co @ http://localhost:3000/_next/static/chunks/node_modules_next_dist_f3530cac._.js:2297
[  141325ms] [LOG] %c%s%c prisma:error background: #e6e6e6;background: light-dark(rgba(0,0,0,0.1), rgba(255,255,255,0.25));color: #000000;color: light-dark(#000000, #ffffff);border-radius: 2px  Server   
Invalid `prisma.position.count()` invocation:


Can't reach database server at db.aypskvmtqxfsmrdpxjcu.supabase.co @ http://localhost:3000/_next/static/chunks/node_modules_next_dist_f3530cac._.js:2297
[  141325ms] [LOG] %c%s%c prisma:error background: #e6e6e6;background: light-dark(rgba(0,0,0,0.1), rgba(255,255,255,0.25));color: #000000;color: light-dark(#000000, #ffffff);border-radius: 2px  Server   
Invalid `prisma.employee.findMany()` invocation:


Can't reach database server at db.aypskvmtqxfsmrdpxjcu.supabase.co @ http://localhost:3000/_next/static/chunks/node_modules_next_dist_f3530cac._.js:2297
[  141349ms] [LOG] %c%s%c prisma:error background: #e6e6e6;background: light-dark(rgba(0,0,0,0.1), rgba(255,255,255,0.25));color: #000000;color: light-dark(#000000, #ffffff);border-radius: 2px  Server   
Invalid `prisma.employee.groupBy()` invocation:


Can't reach database server at db.aypskvmtqxfsmrdpxjcu.supabase.co @ http://localhost:3000/_next/static/chunks/node_modules_next_dist_f3530cac._.js:2297
[  141349ms] [LOG] %c%s%c prisma:error background: #e6e6e6;background: light-dark(rgba(0,0,0,0.1), rgba(255,255,255,0.25));color: #000000;color: light-dark(#000000, #ffffff);border-radius: 2px  Server   
Invalid `prisma.department.findMany()` invocation:


Can't reach database server at db.aypskvmtqxfsmrdpxjcu.supabase.co @ http://localhost:3000/_next/static/chunks/node_modules_next_dist_f3530cac._.js:2297
[  141379ms] [LOG] [Fast Refresh] done in 294ms @ http://localhost:3000/_next/static/chunks/node_modules_next_dist_f3530cac._.js:2297
[  141499ms] [LOG] [Fast Refresh] rebuilding @ http://localhost:3000/_next/static/chunks/node_modules_next_dist_f3530cac._.js:2297
[  141684ms] [LOG] [Fast Refresh] done in 291ms @ http://localhost:3000/_next/static/chunks/node_modules_next_dist_f3530cac._.js:2297
